<?xml version="1.0" encoding="UTF-8"?>
<testsuite xmlns:xsi="http://www.w3.org/2001/XMLSchema-instance" xsi:noNamespaceSchemaLocation="https://maven.apache.org/surefire/maven-surefire-plugin/xsd/surefire-test-report-3.0.xsd" version="3.0" name="BankAccountTest" time="0.133" tests="18" errors="0" skipped="0" failures="0">
  <properties>
    <property name="java.specification.version" value="21"/>
    <property name="sun.cpu.isalist" value="amd64"/>
    <property name="sun.jnu.encoding" value="Cp1252"/>
    <property name="java.class.path" value="C:\Users\spara\Desktop\mantenimientoYprueba\practicas\practica1\target\test-classes;C:\Users\spara\Desktop\mantenimientoYprueba\practicas\practica1\target\classes;C:\Users\spara\.m2\repository\org\junit\jupiter\junit-jupiter\5.10.1\junit-jupiter-5.10.1.jar;C:\Users\spara\.m2\repository\org\junit\jupiter\junit-jupiter-api\5.10.1\junit-jupiter-api-5.10.1.jar;C:\Users\spara\.m2\repository\org\opentest4j\opentest4j\1.3.0\opentest4j-1.3.0.jar;C:\Users\spara\.m2\repository\org\junit\platform\junit-platform-commons\1.10.1\junit-platform-commons-1.10.1.jar;C:\Users\spara\.m2\repository\org\apiguardian\apiguardian-api\1.1.2\apiguardian-api-1.1.2.jar;C:\Users\spara\.m2\repository\org\junit\jupiter\junit-jupiter-params\5.10.1\junit-jupiter-params-5.10.1.jar;C:\Users\spara\.m2\repository\org\junit\jupiter\junit-jupiter-engine\5.10.1\junit-jupiter-engine-5.10.1.jar;C:\Users\spara\.m2\repository\org\junit\platform\junit-platform-engine\1.10.1\junit-platform-engine-1.10.1.jar;C:\Users\spara\.m2\repository\org\mockito\mockito-core\5.7.0\mockito-core-5.7.0.jar;C:\Users\spara\.m2\repository\net\bytebuddy\byte-buddy\1.14.9\byte-buddy-1.14.9.jar;C:\Users\spara\.m2\repository\net\bytebuddy\byte-buddy-agent\1.14.9\byte-buddy-agent-1.14.9.jar;C:\Users\spara\.m2\repository\org\objenesis\objenesis\3.3\objenesis-3.3.jar;C:\Users\spara\.m2\repository\org\mockito\mockito-junit-jupiter\5.7.0\mockito-junit-jupiter-5.7.0.jar;"/>
    <property name="java.vm.vendor" value="Oracle Corporation"/>
    <property name="sun.arch.data.model" value="64"/>
    <property name="user.variant" value=""/>
    <property name="java.vendor.url" value="https://java.oracle.com/"/>
    <property name="user.timezone" value="Europe/Madrid"/>
    <property name="os.name" value="Windows 11"/>
    <property name="java.vm.specification.version" value="21"/>
    <property name="sun.java.launcher" value="SUN_STANDARD"/>
    <property name="user.country" value="IT"/>
    <property name="sun.boot.library.path" value="C:\Program Files\Java\jdk-21\bin"/>
    <property name="sun.java.command" value="C:\Users\spara\AppData\Local\Temp\surefire640798950962241824\surefirebooter-20240308131928436_3.jar C:\Users\spara\AppData\Local\Temp\surefire640798950962241824 2024-03-08T13-19-28_268-jvmRun1 surefire-20240308131928436_1tmp surefire_0-20240308131928436_2tmp"/>
    <property name="jdk.debug" value="release"/>
    <property name="surefire.test.class.path" value="C:\Users\spara\Desktop\mantenimientoYprueba\practicas\practica1\target\test-classes;C:\Users\spara\Desktop\mantenimientoYprueba\practicas\practica1\target\classes;C:\Users\spara\.m2\repository\org\junit\jupiter\junit-jupiter\5.10.1\junit-jupiter-5.10.1.jar;C:\Users\spara\.m2\repository\org\junit\jupiter\junit-jupiter-api\5.10.1\junit-jupiter-api-5.10.1.jar;C:\Users\spara\.m2\repository\org\opentest4j\opentest4j\1.3.0\opentest4j-1.3.0.jar;C:\Users\spara\.m2\repository\org\junit\platform\junit-platform-commons\1.10.1\junit-platform-commons-1.10.1.jar;C:\Users\spara\.m2\repository\org\apiguardian\apiguardian-api\1.1.2\apiguardian-api-1.1.2.jar;C:\Users\spara\.m2\repository\org\junit\jupiter\junit-jupiter-params\5.10.1\junit-jupiter-params-5.10.1.jar;C:\Users\spara\.m2\repository\org\junit\jupiter\junit-jupiter-engine\5.10.1\junit-jupiter-engine-5.10.1.jar;C:\Users\spara\.m2\repository\org\junit\platform\junit-platform-engine\1.10.1\junit-platform-engine-1.10.1.jar;C:\Users\spara\.m2\repository\org\mockito\mockito-core\5.7.0\mockito-core-5.7.0.jar;C:\Users\spara\.m2\repository\net\bytebuddy\byte-buddy\1.14.9\byte-buddy-1.14.9.jar;C:\Users\spara\.m2\repository\net\bytebuddy\byte-buddy-agent\1.14.9\byte-buddy-agent-1.14.9.jar;C:\Users\spara\.m2\repository\org\objenesis\objenesis\3.3\objenesis-3.3.jar;C:\Users\spara\.m2\repository\org\mockito\mockito-junit-jupiter\5.7.0\mockito-junit-jupiter-5.7.0.jar;"/>
    <property name="sun.cpu.endian" value="little"/>
    <property name="user.home" value="C:\Users\spara"/>
    <property name="user.language" value="it"/>
    <property name="java.specification.vendor" value="Oracle Corporation"/>
    <property name="java.version.date" value="2024-01-16"/>
    <property name="java.home" value="C:\Program Files\Java\jdk-21"/>
    <property name="file.separator" value="\"/>
    <property name="basedir" value="C:\Users\spara\Desktop\mantenimientoYprueba\practicas\practica1"/>
    <property name="java.vm.compressedOopsMode" value="Zero based"/>
    <property name="line.separator" value="&#10;"/>
    <property name="java.vm.specification.vendor" value="Oracle Corporation"/>
    <property name="java.specification.name" value="Java Platform API Specification"/>
    <property name="surefire.real.class.path" value="C:\Users\spara\AppData\Local\Temp\surefire640798950962241824\surefirebooter-20240308131928436_3.jar"/>
    <property name="user.script" value=""/>
    <property name="sun.management.compiler" value="HotSpot 64-Bit Tiered Compilers"/>
    <property name="java.runtime.version" value="21.0.2+13-LTS-58"/>
    <property name="user.name" value="spara"/>
    <property name="stdout.encoding" value="Cp1252"/>
    <property name="path.separator" value=";"/>
    <property name="os.version" value="10.0"/>
    <property name="java.runtime.name" value="Java(TM) SE Runtime Environment"/>
    <property name="file.encoding" value="UTF-8"/>
    <property name="java.vm.name" value="Java HotSpot(TM) 64-Bit Server VM"/>
    <property name="localRepository" value="C:\Users\spara\.m2\repository"/>
    <property name="java.vendor.url.bug" value="https://bugreport.java.com/bugreport/"/>
    <property name="java.io.tmpdir" value="C:\Users\spara\AppData\Local\Temp\"/>
    <property name="java.version" value="21.0.2"/>
    <property name="user.dir" value="C:\Users\spara\Desktop\mantenimientoYprueba\practicas\practica1"/>
    <property name="os.arch" value="amd64"/>
    <property name="java.vm.specification.name" value="Java Virtual Machine Specification"/>
    <property name="sun.os.patch.level" value=""/>
    <property name="native.encoding" value="Cp1252"/>
    <property name="java.library.path" value="C:\Program Files\Java\jdk-21\bin;C:\WINDOWS\Sun\Java\bin;C:\WINDOWS\system32;C:\WINDOWS;C:\Program Files\PowerShell\7;C:\Program Files\Common Files\Oracle\Java\javapath;C:\Program Files (x86)\Common Files\Oracle\Java\javapath;C:\Program Files (x86)\Razer\ChromaBroadcast\bin;C:\Program Files\Razer\ChromaBroadcast\bin;C:\Program Files\PlasticSCM5\server;C:\Program Files\PlasticSCM5\client;C:\mingw64\bin;C:\Windows\system32;C:\Windows;C:\Windows\System32\Wbem;C:\Windows\System32\WindowsPowerShell\v1.0\;C:\Windows\System32\OpenSSH\;C:\Program Files (x86)\NVIDIA Corporation\PhysX\Common;C:\Program Files\NVIDIA Corporation\NVIDIA NvDLISR;C:\WINDOWS\system32;C:\WINDOWS;C:\WINDOWS\System32\Wbem;C:\WINDOWS\System32\WindowsPowerShell\v1.0\;C:\WINDOWS\System32\OpenSSH\;C:\Program Files\Haskell Platform\8.6.5\mingw\bin;C:\Program Files\Git\cmd;C:\Program Files\dotnet\;C:\Program Files\Microsoft SQL Server\150\Tools\Binn\;C:\Program Files\Devart\EntityDeveloper\Console;C:\WINDOWS\system32\config\systemprofile\AppData\Local\Microsoft\WindowsApps;C:\Program Files\Docker\Docker\resources\bin;C:\Program Files\PowerShell\7-preview\preview;C:\Program Files\PowerShell\7\;C:\apache-maven-3.9.6\bin;C:\Program Files\Java\jdk-21\bin;C:\Program Files\MySQL\MySQL Shell 8.0\bin\;C:\mingw64\bin;C:\Users\spara\AppData\Local\Programs\Python\Python311\Scripts;C:\Users\spara\AppData\Local\Programs\Python\Python311\;C:\Users\spara\AppData\Roaming\cabal\bin;C:\Users\spara\AppData\Roaming\local\bin;C:\Users\spara\AppData\Local\Microsoft\WindowsApps;C:\Program Files\JetBrains\PyCharm Community Edition 2022.3\bin;;C:\Program Files (x86)\Nmap;C:\Users\spara\AppData\Local\Programs\Microsoft VS Code\bin;C:\Users\spara\AppData\Local\GitHubDesktop\bin;C:\Program Files\Devart\EntityDeveloper\Console;C:\Users\spara\.dotnet\tools;C:\Program Files\JetBrains\IntelliJ IDEA 2023.3.4\bin;;."/>
    <property name="java.vm.info" value="mixed mode, sharing"/>
    <property name="stderr.encoding" value="Cp1252"/>
    <property name="java.vendor" value="Oracle Corporation"/>
    <property name="java.vm.version" value="21.0.2+13-LTS-58"/>
    <property name="sun.io.unicode.encoding" value="UnicodeLittle"/>
    <property name="java.class.version" value="65.0"/>
  </properties>
  <testcase name="testPaymentWithNegativeTotalAmount" classname="BankAccountTest" time="0.065"/>
  <testcase name="testPendingWithInterestRateGreaterThanOne" classname="BankAccountTest" time="0.003"/>
  <testcase name="testWithdrawSufficientBalance" classname="BankAccountTest" time="0.002"/>
  <testcase name="testPendingWithZeroNPayments" classname="BankAccountTest" time="0.003"/>
  <testcase name="testPayment" classname="BankAccountTest" time="0.0"/>
  <testcase name="testPaymentWithNegativeInterest" classname="BankAccountTest" time="0.002"/>
  <testcase name="testPendingWithNegativeInterest" classname="BankAccountTest" time="0.0"/>
  <testcase name="testPending" classname="BankAccountTest" time="0.0"/>
  <testcase name="testWithdrawInsufficientBalance" classname="BankAccountTest" time="0.002"/>
  <testcase name="testPendingWithNegativeTotalAmount" classname="BankAccountTest" time="0.002"/>
  <testcase name="testPendingWithNegativeMonth" classname="BankAccountTest" time="0.001"/>
  <testcase name="testPaymentWithZeroNPayments" classname="BankAccountTest" time="0.003"/>
  <testcase name="testPendingWithNegativeInterestRate" classname="BankAccountTest" time="0.001"/>
  <testcase name="testDepositNegativeAmount" classname="BankAccountTest" time="0.003"/>
  <testcase name="testPaymentWithNegativeInterestRate" classname="BankAccountTest" time="0.001"/>
  <testcase name="testDeposit" classname="BankAccountTest" time="0.001"/>
  <testcase name="testWithdrawNegativeAmount" classname="BankAccountTest" time="0.001"/>
  <testcase name="testPaymentWithInterestRateGreaterThanOne" classname="BankAccountTest" time="0.001"/>
</testsuite>